<?xml version="1.0" encoding="UTF-8"?>
<testExecutions version="1">
  <file path="/Users/thebestwill/sites/typescript-react-boilerplate/src/__tests__/App.test.ts">
  </file>
</testExecutions>